<?xml version="1.0" encoding="UTF-8"?>
<testng-results ignored="0" total="1" passed="1" failed="0" skipped="0">
  <reporter-output>
  </reporter-output>
  <suite started-at="2024-02-12T16:39:19 WIB" name="Default suite" finished-at="2024-02-12T16:39:29 WIB" duration-ms="9968">
    <groups>
    </groups>
    <test started-at="2024-02-12T16:39:19 WIB" name="Default test" finished-at="2024-02-12T16:39:29 WIB" duration-ms="9968">
      <class name="selenium.Automation.MakeAppointment">
        <test-method is-config="true" signature="SetUp()[pri:0, instance:selenium.Automation.MakeAppointment@52b1beb6]" started-at="2024-02-12T16:39:19 WIB" name="SetUp" finished-at="2024-02-12T16:39:26 WIB" duration-ms="6999" status="PASS">
          <reporter-output>
          </reporter-output>
        </test-method> <!-- SetUp -->
        <test-method signature="inputValidAppointment()[pri:0, instance:selenium.Automation.MakeAppointment@52b1beb6]" started-at="2024-02-12T16:39:26 WIB" name="inputValidAppointment" finished-at="2024-02-12T16:39:29 WIB" duration-ms="2815" status="PASS">
          <reporter-output>
          </reporter-output>
        </test-method> <!-- inputValidAppointment -->
        <test-method is-config="true" signature="TeraDown()[pri:0, instance:selenium.Automation.MakeAppointment@52b1beb6]" started-at="2024-02-12T16:39:29 WIB" name="TeraDown" finished-at="2024-02-12T16:39:29 WIB" duration-ms="134" status="PASS">
          <reporter-output>
          </reporter-output>
        </test-method> <!-- TeraDown -->
      </class> <!-- selenium.Automation.MakeAppointment -->
    </test> <!-- Default test -->
  </suite> <!-- Default suite -->
</testng-results>
